=/pretest.json
{
  _: [],
  f: [
    '/home/runner/work/exp-architecture-zf-mmse-iiith/exp-architecture-zf-mmse-iiith/experiment/pretest.json'
  ],
  files: [
    '/home/runner/work/exp-architecture-zf-mmse-iiith/exp-architecture-zf-mmse-iiith/experiment/pretest.json'
  ],
  c: 'assessment',
  contentTypes: 'assessment',
  'content-types': 'assessment',
  '$0': 'validate'
}
Failed while validating /home/runner/work/exp-architecture-zf-mmse-iiith/exp-architecture-zf-mmse-iiith/experiment/pretest.json
SyntaxError: /home/runner/work/exp-architecture-zf-mmse-iiith/exp-architecture-zf-mmse-iiith/experiment/pretest.json: Unexpected token T in JSON at position 175
=/posttest.json
{
  _: [],
  f: [
    '/home/runner/work/exp-architecture-zf-mmse-iiith/exp-architecture-zf-mmse-iiith/experiment/posttest.json'
  ],
  files: [
    '/home/runner/work/exp-architecture-zf-mmse-iiith/exp-architecture-zf-mmse-iiith/experiment/posttest.json'
  ],
  c: 'assessment',
  contentTypes: 'assessment',
  'content-types': 'assessment',
  '$0': 'validate'
}
Validated true
